npm verbose cli C:\Program Files\nodejs\node.exe C:\Users\fabio\AppData\Roaming\npm\node_modules\npm\bin\npm-cli.js
npm info using npm@10.8.1
npm info using node@v20.12.2
npm verbose title npm install
npm verbose argv "install" "--legacy-peer-deps" "--loglevel" "verbose"
npm verbose logfile logs-max:10 dir:C:\Users\fabio\AppData\Local\npm-cache\_logs\2024-08-09T02_30_18_734Z-
npm verbose logfile C:\Users\fabio\AppData\Local\npm-cache\_logs\2024-08-09T02_30_18_734Z-debug-0.log
npm http fetch GET 200 https://registry.npmjs.org/@faker-js%2ffaker 213ms (cache revalidated)
npm http fetch GET 200 https://registry.npmjs.org/cypress-mochawesome-reporter 615ms (cache revalidated)
npm http fetch GET 200 https://registry.npmjs.org/browserstack-cypress-cli 54ms (cache revalidated)
npm http fetch GET 200 https://registry.npmjs.org/cypress 43ms (cache revalidated)
npm http fetch GET 200 https://registry.npmjs.org/async 100ms (cache revalidated)
npm http fetch GET 200 https://registry.npmjs.org/git-last-commit 115ms (cache revalidated)
npm http fetch GET 200 https://registry.npmjs.org/fs-extra 119ms (cache revalidated)
npm http fetch GET 200 https://registry.npmjs.org/cli-progress 123ms (cache revalidated)
npm http fetch GET 200 https://registry.npmjs.org/chalk 129ms (cache revalidated)
npm http fetch GET 200 https://registry.npmjs.org/glob 131ms (cache revalidated)
npm http fetch GET 200 https://registry.npmjs.org/gitconfiglocal 138ms (cache revalidated)
npm http fetch GET 200 https://registry.npmjs.org/archiver 149ms (cache revalidated)
npm http fetch GET 200 https://registry.npmjs.org/mkdirp 41ms (cache revalidated)
npm http fetch GET 200 https://registry.npmjs.org/mocha 61ms (cache revalidated)
npm http fetch GET 200 https://registry.npmjs.org/table 65ms (cache revalidated)
npm http fetch GET 200 https://registry.npmjs.org/update-notifier 66ms (cache revalidated)
npm http fetch GET 200 https://registry.npmjs.org/node-ipc 88ms (cache revalidated)
npm http fetch GET 200 https://registry.npmjs.org/uuid 64ms (cache revalidated)
npm http fetch GET 200 https://registry.npmjs.org/windows-release 72ms (cache revalidated)
npm http fetch GET 200 https://registry.npmjs.org/yargs 60ms (cache revalidated)
npm http fetch GET 200 https://registry.npmjs.org/arch 68ms (cache revalidated)
npm http fetch GET 200 https://registry.npmjs.org/decompress 80ms (cache revalidated)
npm http fetch GET 200 https://registry.npmjs.org/tmp 80ms (cache revalidated)
npm http fetch GET 200 https://registry.npmjs.org/getos 48ms (cache revalidated)
npm http fetch GET 200 https://registry.npmjs.org/debug 68ms (cache revalidated)
npm http fetch GET 200 https://registry.npmjs.org/execa 65ms (cache revalidated)
npm http fetch GET 200 https://registry.npmjs.org/yauzl 58ms (cache revalidated)
npm http fetch GET 200 https://registry.npmjs.org/buffer 62ms (cache revalidated)
npm http fetch GET 200 https://registry.npmjs.org/request 293ms (cache revalidated)
npm http fetch GET 200 https://registry.npmjs.org/listr2 72ms (cache revalidated)
npm http fetch GET 200 https://registry.npmjs.org/semver 67ms (cache revalidated)
npm http fetch GET 200 https://registry.npmjs.org/lodash 97ms (cache revalidated)
npm http fetch GET 200 https://registry.npmjs.org/figures 77ms (cache revalidated)
npm http fetch GET 200 https://registry.npmjs.org/bluebird 46ms (cache revalidated)
npm http fetch GET 200 https://registry.npmjs.org/process 65ms (cache revalidated)
npm http fetch GET 200 https://registry.npmjs.org/enquirer 47ms (cache revalidated)
npm http fetch GET 200 https://registry.npmjs.org/lazy-ass 54ms (cache revalidated)
npm http fetch GET 200 https://registry.npmjs.org/minimist 53ms (cache revalidated)
npm http fetch GET 200 https://registry.npmjs.org/getmac 710ms (cache revalidated)
npm http fetch GET 200 https://registry.npmjs.org/commander 58ms (cache revalidated)
npm http fetch GET 200 https://registry.npmjs.org/browserstack-local 745ms (cache revalidated)
npm http fetch GET 200 https://registry.npmjs.org/git-repo-info 766ms (cache revalidated)
npm http fetch GET 200 https://registry.npmjs.org/untildify 57ms (cache revalidated)
npm http fetch GET 200 https://registry.npmjs.org/requestretry 651ms (cache revalidated)
npm http fetch GET 200 https://registry.npmjs.org/cli-cursor 48ms (cache revalidated)
npm http fetch GET 200 https://registry.npmjs.org/cli-table3 45ms (cache revalidated)
npm http fetch GET 200 https://registry.npmjs.org/executable 34ms (cache revalidated)
npm http fetch GET 200 https://registry.npmjs.org/extract-zip 43ms (cache revalidated)
npm http fetch GET 200 https://registry.npmjs.org/pretty-bytes 40ms (cache revalidated)
npm http fetch GET 200 https://registry.npmjs.org/common-tags 59ms (cache revalidated)
npm http fetch GET 200 https://registry.npmjs.org/log-symbols 59ms (cache revalidated)
npm http fetch GET 200 https://registry.npmjs.org/dayjs 627ms (cache revalidated)
npm http fetch GET 200 https://registry.npmjs.org/@types%2fsizzle 52ms (cache revalidated)
npm http fetch GET 200 https://registry.npmjs.org/proxy-from-env 45ms (cache revalidated)
npm http fetch GET 200 https://registry.npmjs.org/eventemitter2 53ms (cache revalidated)
npm http fetch GET 200 https://registry.npmjs.org/supports-color 44ms (cache revalidated)
npm http fetch GET 200 https://registry.npmjs.org/is-ci 616ms (cache revalidated)
npm http fetch GET 200 https://registry.npmjs.org/check-more-types 42ms (cache revalidated)
npm http fetch GET 200 https://registry.npmjs.org/request-progress 43ms (cache revalidated)
npm http fetch GET 200 https://registry.npmjs.org/is-installed-globally 50ms (cache revalidated)
npm http fetch GET 200 https://registry.npmjs.org/@types%2fsinonjs__fake-timers 54ms (cache revalidated)
npm http fetch GET 200 https://registry.npmjs.org/mochawesome 51ms (cache revalidated)
npm http fetch GET 200 https://registry.npmjs.org/mochawesome-report-generator 40ms (cache revalidated)
npm http fetch GET 200 https://registry.npmjs.org/winston 867ms (cache revalidated)
npm http fetch GET 200 https://registry.npmjs.org/ospath 704ms (cache revalidated)
npm http fetch GET 200 https://registry.npmjs.org/cachedir 642ms (cache revalidated)
npm http fetch GET 200 https://registry.npmjs.org/blob-util 648ms (cache revalidated)
npm http fetch GET 200 https://registry.npmjs.org/mochawesome-merge 647ms (cache revalidated)
npm http fetch GET 200 https://registry.npmjs.org/@cypress%2frequest 813ms (cache revalidated)
npm http fetch GET 200 https://registry.npmjs.org/@cypress%2fxvfb 1411ms (cache revalidated)
npm http fetch GET 200 https://registry.npmjs.org/buffer-crc32 55ms (cache revalidated)
npm http fetch GET 200 https://registry.npmjs.org/readable-stream 58ms (cache revalidated)
npm http fetch GET 200 https://registry.npmjs.org/archiver-utils 71ms (cache revalidated)
npm http fetch GET 200 https://registry.npmjs.org/tar-stream 70ms (cache revalidated)
npm http fetch GET 200 https://registry.npmjs.org/ps-tree 71ms (cache revalidated)
npm http fetch GET 200 https://registry.npmjs.org/https-proxy-agent 74ms (cache revalidated)
npm http fetch GET 200 https://registry.npmjs.org/agent-base 73ms (cache revalidated)
npm http fetch GET 200 https://registry.npmjs.org/zip-stream 79ms (cache revalidated)
npm http fetch GET 200 https://registry.npmjs.org/temp-fs 93ms (cache revalidated)
npm http fetch GET 200 https://registry.npmjs.org/readdir-glob 97ms (cache revalidated)
npm http fetch GET 200 https://registry.npmjs.org/is-running 97ms (cache revalidated)
npm http fetch GET 200 https://registry.npmjs.org/string-width 67ms (cache revalidated)
npm http fetch GET 200 https://registry.npmjs.org/ansi-styles 77ms (cache revalidated)
npm http fetch GET 200 https://registry.npmjs.org/decompress-tarbz2 66ms (cache revalidated)
npm http fetch GET 200 https://registry.npmjs.org/graceful-fs 64ms (cache revalidated)
npm http fetch GET 200 https://registry.npmjs.org/strip-dirs 52ms (cache revalidated)
npm http fetch GET 200 https://registry.npmjs.org/pify 56ms (cache revalidated)
npm http fetch GET 200 https://registry.npmjs.org/make-dir 70ms (cache revalidated)
npm http fetch GET 200 https://registry.npmjs.org/graceful-fs 57ms (cache revalidated)
npm http fetch GET 200 https://registry.npmjs.org/decompress-targz 89ms (cache revalidated)
npm http fetch GET 200 https://registry.npmjs.org/jsonfile 42ms (cache revalidated)
npm http fetch GET 200 https://registry.npmjs.org/universalify 53ms (cache revalidated)
npm http fetch GET 200 https://registry.npmjs.org/ini 50ms (cache revalidated)
npm http fetch GET 200 https://registry.npmjs.org/once 51ms (cache revalidated)
npm http fetch GET 200 https://registry.npmjs.org/@types%2fnode 77ms (cache revalidated)
npm http fetch GET 200 https://registry.npmjs.org/minimatch 200ms (cache revalidated)
npm http fetch GET 200 https://registry.npmjs.org/inflight 214ms (cache revalidated)
npm http fetch GET 200 https://registry.npmjs.org/inherits 214ms (cache revalidated)
npm http fetch GET 200 https://registry.npmjs.org/fs.realpath 208ms (cache revalidated)
npm http fetch GET 200 https://registry.npmjs.org/path-is-absolute 201ms (cache revalidated)
npm http fetch GET 200 https://registry.npmjs.org/ansi-colors 188ms (cache revalidated)
npm http fetch GET 200 https://registry.npmjs.org/chokidar 197ms (cache revalidated)
npm http fetch GET 200 https://registry.npmjs.org/escape-string-regexp 52ms (cache revalidated)
npm http fetch GET 200 https://registry.npmjs.org/diff 70ms (cache revalidated)
npm http fetch GET 200 https://registry.npmjs.org/js-yaml 49ms (cache revalidated)
npm http fetch GET 200 https://registry.npmjs.org/find-up 66ms (cache revalidated)
npm http fetch GET 200 https://registry.npmjs.org/serialize-javascript 59ms (cache revalidated)
npm http fetch GET 200 https://registry.npmjs.org/ms 62ms (cache revalidated)
npm http fetch GET 200 https://registry.npmjs.org/he 69ms (cache revalidated)
npm http fetch GET 200 https://registry.npmjs.org/strip-json-comments 43ms (cache revalidated)
npm http fetch GET 200 https://registry.npmjs.org/yargs 29ms (cache hit)
npm http fetch GET 200 https://registry.npmjs.org/workerpool 54ms (cache revalidated)
npm http fetch GET 200 https://registry.npmjs.org/yargs-parser 55ms (cache revalidated)
npm http fetch GET 200 https://registry.npmjs.org/js-queue 59ms (cache revalidated)
npm http fetch GET 200 https://registry.npmjs.org/aws-sign2 59ms (cache revalidated)
npm http fetch GET 200 https://registry.npmjs.org/caseless 37ms (cache revalidated)
npm http fetch GET 200 https://registry.npmjs.org/aws4 56ms (cache revalidated)
npm http fetch GET 200 https://registry.npmjs.org/yargs-unparser 85ms (cache revalidated)
npm http fetch GET 200 https://registry.npmjs.org/combined-stream 41ms (cache revalidated)
npm http fetch GET 200 https://registry.npmjs.org/extend 40ms (cache revalidated)
npm http fetch GET 200 https://registry.npmjs.org/forever-agent 39ms (cache revalidated)
npm http fetch GET 200 https://registry.npmjs.org/form-data 39ms (cache revalidated)
npm http fetch GET 200 https://registry.npmjs.org/js-message 117ms (cache revalidated)
npm http fetch GET 200 https://registry.npmjs.org/har-validator 47ms (cache revalidated)
npm http fetch GET 200 https://registry.npmjs.org/isstream 40ms (cache revalidated)
npm http fetch GET 200 https://registry.npmjs.org/http-signature 63ms (cache revalidated)
npm http fetch GET 200 https://registry.npmjs.org/json-stringify-safe 44ms (cache revalidated)
npm http fetch GET 200 https://registry.npmjs.org/mime-types 42ms (cache revalidated)
npm http fetch GET 200 https://registry.npmjs.org/oauth-sign 54ms (cache revalidated)
npm http fetch GET 200 https://registry.npmjs.org/performance-now 50ms (cache revalidated)
npm http fetch GET 200 https://registry.npmjs.org/tough-cookie 42ms (cache revalidated)
npm http fetch GET 200 https://registry.npmjs.org/tunnel-agent 41ms (cache revalidated)
npm http fetch GET 200 https://registry.npmjs.org/qs 60ms (cache revalidated)
npm http fetch GET 200 https://registry.npmjs.org/safe-buffer 69ms (cache revalidated)
npm http fetch GET 200 https://registry.npmjs.org/slice-ansi 40ms (cache revalidated)
npm http fetch GET 200 https://registry.npmjs.org/ajv 50ms (cache revalidated)
npm http fetch GET 200 https://registry.npmjs.org/boxen 40ms (cache revalidated)
npm http fetch GET 200 https://registry.npmjs.org/pupa 44ms (cache revalidated)
npm http fetch GET 200 https://registry.npmjs.org/decompress-tar 622ms (cache revalidated)
npm http fetch GET 200 https://registry.npmjs.org/decompress-unzip 628ms (cache revalidated)
npm http fetch GET 200 https://registry.npmjs.org/configstore 51ms (cache revalidated)
npm http fetch GET 200 https://registry.npmjs.org/xdg-basedir 33ms (cache revalidated)
npm http fetch GET 200 https://registry.npmjs.org/latest-version 38ms (cache revalidated)
npm http fetch GET 200 https://registry.npmjs.org/eyes 45ms (cache revalidated)
npm http fetch GET 200 https://registry.npmjs.org/cycle 39ms (cache revalidated)
npm http fetch GET 200 https://registry.npmjs.org/colors 43ms (cache revalidated)
npm http fetch GET 200 https://registry.npmjs.org/stack-trace 37ms (cache revalidated)
npm http fetch GET 200 https://registry.npmjs.org/y18n 35ms (cache revalidated)
npm http fetch GET 200 https://registry.npmjs.org/decamelize 35ms (cache revalidated)
npm http fetch GET 200 https://registry.npmjs.org/cliui 60ms (cache revalidated)
npm http fetch GET 200 https://registry.npmjs.org/set-blocking 43ms (cache revalidated)
npm http fetch GET 200 https://registry.npmjs.org/which-module 35ms (cache revalidated)
npm http fetch GET 200 https://registry.npmjs.org/browser-stdout 631ms (cache revalidated)
npm http fetch GET 200 https://registry.npmjs.org/get-caller-file 33ms (cache revalidated)
npm http fetch GET 200 https://registry.npmjs.org/require-main-filename 41ms (cache revalidated)
npm http fetch GET 200 https://registry.npmjs.org/require-directory 54ms (cache revalidated)
npm http fetch GET 200 https://registry.npmjs.org/event-pubsub 624ms (cache revalidated)
npm http fetch GET 200 https://registry.npmjs.org/is-typedarray 649ms (cache revalidated)
npm http fetch GET 200 https://registry.npmjs.org/is-npm 650ms (cache revalidated)
npm http fetch GET 200 https://registry.npmjs.org/semver-diff 637ms (cache revalidated)
npm http fetch GET 200 https://registry.npmjs.org/is-in-ci 683ms (cache revalidated)
npm http fetch GET 200 https://registry.npmjs.org/import-lazy 746ms (cache revalidated)
npm http fetch GET 200 https://registry.npmjs.org/lodash.flatten 51ms (cache revalidated)
npm http fetch GET 200 https://registry.npmjs.org/lodash.defaults 53ms (cache revalidated)
npm http fetch GET 200 https://registry.npmjs.org/string_decoder 51ms (cache revalidated)
npm http fetch GET 200 https://registry.npmjs.org/lodash.isplainobject 56ms (cache revalidated)
npm http fetch GET 200 https://registry.npmjs.org/lazystream 66ms (cache revalidated)
npm http fetch GET 200 https://registry.npmjs.org/lodash.difference 65ms (cache revalidated)
npm http fetch GET 200 https://registry.npmjs.org/bl 60ms (cache revalidated)
npm http fetch GET 200 https://registry.npmjs.org/normalize-path 67ms (cache revalidated)
npm http fetch GET 200 https://registry.npmjs.org/end-of-stream 63ms (cache revalidated)
npm http fetch GET 200 https://registry.npmjs.org/util-deprecate 78ms (cache revalidated)
npm http fetch GET 200 https://registry.npmjs.org/fs-constants 40ms (cache revalidated)
npm http fetch GET 200 https://registry.npmjs.org/compress-commons 39ms (cache revalidated)
npm http fetch GET 200 https://registry.npmjs.org/lodash.union 759ms (cache revalidated)
npm http fetch GET 200 https://registry.npmjs.org/core-util-is 53ms (cache revalidated)
npm http fetch GET 200 https://registry.npmjs.org/process-nextick-args 52ms (cache revalidated)
npm http fetch GET 200 https://registry.npmjs.org/isarray 54ms (cache revalidated)
npm http fetch GET 200 https://registry.npmjs.org/event-stream 52ms (cache revalidated)
npm http fetch GET 200 https://registry.npmjs.org/rimraf 57ms (cache revalidated)
npm http fetch GET 200 https://registry.npmjs.org/color-convert 45ms (cache revalidated)
npm http fetch GET 200 https://registry.npmjs.org/has-flag 55ms (cache revalidated)
npm http fetch GET 200 https://registry.npmjs.org/color-name 43ms (cache revalidated)
npm http fetch GET 200 https://registry.npmjs.org/is-fullwidth-code-point 50ms (cache revalidated)
npm http fetch GET 200 https://registry.npmjs.org/emoji-regex 53ms (cache revalidated)
npm http fetch GET 200 https://registry.npmjs.org/strip-ansi 65ms (cache revalidated)
npm http fetch GET 200 https://registry.npmjs.org/lodash.once 46ms (cache revalidated)
npm http fetch GET 200 https://registry.npmjs.org/merge-stream 46ms (cache revalidated)
npm http fetch GET 200 https://registry.npmjs.org/base64-js 56ms (cache revalidated)
npm http fetch GET 200 https://registry.npmjs.org/cross-spawn 54ms (cache revalidated)
npm http fetch GET 200 https://registry.npmjs.org/ieee754 64ms (cache revalidated)
npm http fetch GET 200 https://registry.npmjs.org/signal-exit 60ms (cache revalidated)
npm http fetch GET 200 https://registry.npmjs.org/onetime 66ms (cache revalidated)
npm http fetch GET 200 https://registry.npmjs.org/is-stream 72ms (cache revalidated)
npm http fetch GET 200 https://registry.npmjs.org/restore-cursor 75ms (cache revalidated)
npm http fetch GET 200 https://registry.npmjs.org/get-stream 80ms (cache revalidated)
npm http fetch GET 200 https://registry.npmjs.org/npm-run-path 43ms (cache revalidated)
npm http fetch GET 200 https://registry.npmjs.org/@colors%2fcolors 98ms (cache revalidated)
npm http fetch GET 200 https://registry.npmjs.org/human-signals 48ms (cache revalidated)
npm http fetch GET 200 https://registry.npmjs.org/strip-final-newline 49ms (cache revalidated)
npm http fetch GET 200 https://registry.npmjs.org/get-stream 48ms (cache revalidated)
npm http fetch GET 200 https://registry.npmjs.org/at-least-node 51ms (cache revalidated)
npm http fetch GET 200 https://registry.npmjs.org/rxjs 38ms (cache revalidated)
npm http fetch GET 200 https://registry.npmjs.org/ci-info 68ms (cache revalidated)
npm http fetch GET 200 https://registry.npmjs.org/is-path-inside 63ms (cache revalidated)
npm http fetch GET 200 https://registry.npmjs.org/rfdc 62ms (cache revalidated)
npm http fetch GET 200 https://registry.npmjs.org/@types%2fyauzl 84ms (cache revalidated)
npm http fetch GET 200 https://registry.npmjs.org/global-dirs 73ms (cache revalidated)
npm http fetch GET 200 https://registry.npmjs.org/wrap-ansi 40ms (cache revalidated)
npm http fetch GET 200 https://registry.npmjs.org/p-map 52ms (cache revalidated)
npm http fetch GET 200 https://registry.npmjs.org/colorette 48ms (cache revalidated)
npm http fetch GET 200 https://registry.npmjs.org/cli-truncate 50ms (cache revalidated)
npm http fetch GET 200 https://registry.npmjs.org/is-unicode-supported 50ms (cache revalidated)
npm http fetch GET 200 https://registry.npmjs.org/fd-slicer 49ms (cache revalidated)
npm http fetch GET 200 https://registry.npmjs.org/throttleit 58ms (cache revalidated)
npm http fetch GET 200 https://registry.npmjs.org/through 639ms (cache revalidated)
npm http fetch GET 200 https://registry.npmjs.org/log-update 633ms (cache revalidated)
npm http fetch GET 200 https://registry.npmjs.org/punycode 73ms (cache revalidated)
npm http fetch GET 200 https://registry.npmjs.org/delayed-stream 79ms (cache revalidated)
npm http fetch GET 200 https://registry.npmjs.org/url-parse 75ms (cache revalidated)
npm http fetch GET 200 https://registry.npmjs.org/sshpk 82ms (cache revalidated)
npm http fetch GET 200 https://registry.npmjs.org/assert-plus 84ms (cache revalidated)
npm http fetch GET 200 https://registry.npmjs.org/side-channel 83ms (cache revalidated)
npm http fetch GET 200 https://registry.npmjs.org/asynckit 86ms (cache revalidated)
npm http fetch GET 200 https://registry.npmjs.org/psl 83ms (cache revalidated)
npm http fetch GET 200 https://registry.npmjs.org/mime-db 87ms (cache revalidated)
npm http fetch GET 200 https://registry.npmjs.org/jsprim 110ms (cache revalidated)
npm http fetch GET 200 https://registry.npmjs.org/yargs 22ms (cache hit)
npm http fetch GET 200 https://registry.npmjs.org/lodash.isfunction 50ms (cache revalidated)
npm http fetch GET 200 https://registry.npmjs.org/lodash.isstring 54ms (cache revalidated)
npm http fetch GET 200 https://registry.npmjs.org/dateformat 54ms (cache revalidated)
npm http fetch GET 200 https://registry.npmjs.org/lodash.isobject 63ms (cache revalidated)
npm http fetch GET 200 https://registry.npmjs.org/escape-html 59ms (cache revalidated)
npm http fetch GET 200 https://registry.npmjs.org/opener 57ms (cache revalidated)
npm http fetch GET 200 https://registry.npmjs.org/prop-types 58ms (cache revalidated)
npm http fetch GET 200 https://registry.npmjs.org/lodash.isfunction 61ms (cache revalidated)
npm http fetch GET 200 https://registry.npmjs.org/yargs 13ms (cache hit)
npm http fetch GET 200 https://registry.npmjs.org/tcomb-validation 48ms (cache revalidated)
npm http fetch GET 200 https://registry.npmjs.org/validator 57ms (cache revalidated)
npm http fetch GET 200 https://registry.npmjs.org/fsu 647ms (cache revalidated)
npm http fetch GET 200 https://registry.npmjs.org/tcomb 627ms (cache revalidated)
npm http fetch GET 200 https://registry.npmjs.org/lodash.isempty 669ms (cache revalidated)
npm http fetch GET 200 https://registry.npmjs.org/unbzip2-stream 89ms (cache revalidated)
npm http fetch GET 200 https://registry.npmjs.org/file-type 93ms (cache revalidated)
npm http fetch GET 200 https://registry.npmjs.org/is-natural-number 91ms (cache revalidated)
npm http fetch GET 200 https://registry.npmjs.org/file-type 97ms (cache revalidated)
npm http fetch GET 200 https://registry.npmjs.org/file-type 101ms (cache revalidated)
npm http fetch GET 200 https://registry.npmjs.org/file-type 108ms (cache revalidated)
npm http fetch GET 200 https://registry.npmjs.org/seek-bzip 113ms (cache revalidated)
npm http fetch GET 200 https://registry.npmjs.org/to-buffer 42ms (cache revalidated)
npm http fetch GET 200 https://registry.npmjs.org/buffer-alloc 47ms (cache revalidated)
npm http fetch GET 200 https://registry.npmjs.org/xtend 47ms (cache revalidated)
npm http fetch GET 200 https://registry.npmjs.org/pinkie-promise 48ms (cache revalidated)
npm http fetch GET 200 https://registry.npmjs.org/object-assign 59ms (cache revalidated)
npm http fetch GET 200 https://registry.npmjs.org/ansi-regex 53ms (cache revalidated)
npm http fetch GET 200 https://registry.npmjs.org/which 46ms (cache revalidated)
npm http fetch GET 200 https://registry.npmjs.org/path-key 51ms (cache revalidated)
npm http fetch GET 200 https://registry.npmjs.org/shebang-command 52ms (cache revalidated)
npm http fetch GET 200 https://registry.npmjs.org/mimic-fn 54ms (cache revalidated)
npm http fetch GET 200 https://registry.npmjs.org/path-key 55ms (cache revalidated)
npm http fetch GET 200 https://registry.npmjs.org/pump 60ms (cache revalidated)
npm http fetch GET 200 https://registry.npmjs.org/isexe 46ms (cache revalidated)
npm http fetch GET 200 https://registry.npmjs.org/shebang-regex 50ms (cache revalidated)
npm http fetch GET 200 https://registry.npmjs.org/@types%2fnode 26ms (cache hit)
npm http fetch GET 200 https://registry.npmjs.org/undici-types 52ms (cache revalidated)
npm http fetch GET 200 https://registry.npmjs.org/pinkie 50ms (cache revalidated)
npm http fetch GET 200 https://registry.npmjs.org/wrappy 59ms (cache revalidated)
npm http fetch GET 200 https://registry.npmjs.org/wrappy 59ms (cache revalidated)
npm http fetch GET 200 https://registry.npmjs.org/brace-expansion 61ms (cache revalidated)
npm http fetch GET 200 https://registry.npmjs.org/asn1 49ms (cache revalidated)
npm http fetch GET 200 https://registry.npmjs.org/verror 50ms (cache revalidated)
npm http fetch GET 200 https://registry.npmjs.org/extsprintf 56ms (cache revalidated)
npm http fetch GET 200 https://registry.npmjs.org/json-schema 57ms (cache revalidated)
npm http fetch GET 200 https://registry.npmjs.org/ecc-jsbn 55ms (cache revalidated)
npm http fetch GET 200 https://registry.npmjs.org/safer-buffer 71ms (cache revalidated)
npm http fetch GET 200 https://registry.npmjs.org/dashdash 73ms (cache revalidated)
npm http fetch GET 200 https://registry.npmjs.org/bcrypt-pbkdf 74ms (cache revalidated)
npm http fetch GET 200 https://registry.npmjs.org/getpass 80ms (cache revalidated)
npm http fetch GET 200 https://registry.npmjs.org/jsbn 95ms (cache revalidated)
npm http fetch GET 200 https://registry.npmjs.org/tweetnacl 664ms (cache revalidated)
npm http fetch GET 200 https://registry.npmjs.org/tslib 44ms (cache revalidated)
npm http fetch GET 200 https://registry.npmjs.org/ansi-escapes 47ms (cache revalidated)
npm http fetch GET 200 https://registry.npmjs.org/aggregate-error 48ms (cache revalidated)
npm http fetch GET 200 https://registry.npmjs.org/astral-regex 53ms (cache revalidated)
npm http fetch GET 200 https://registry.npmjs.org/type-fest 43ms (cache revalidated)
npm http fetch GET 200 https://registry.npmjs.org/balanced-match 42ms (cache revalidated)
npm http fetch GET 200 https://registry.npmjs.org/concat-map 45ms (cache revalidated)
npm http fetch GET 200 https://registry.npmjs.org/is-binary-path 48ms (cache revalidated)
npm http fetch GET 200 https://registry.npmjs.org/is-glob 55ms (cache revalidated)
npm http fetch GET 200 https://registry.npmjs.org/argparse 55ms (cache revalidated)
npm http fetch GET 200 https://registry.npmjs.org/locate-path 61ms (cache revalidated)
npm http fetch GET 200 https://registry.npmjs.org/braces 66ms (cache revalidated)
npm http fetch GET 200 https://registry.npmjs.org/path-exists 65ms (cache revalidated)
npm http fetch GET 200 https://registry.npmjs.org/readdirp 69ms (cache revalidated)
npm http fetch GET 200 https://registry.npmjs.org/fsevents 73ms (cache revalidated)
npm http fetch GET 200 https://registry.npmjs.org/randombytes 72ms (cache revalidated)
npm http fetch GET 200 https://registry.npmjs.org/glob-parent 80ms (cache revalidated)
npm http fetch GET 200 https://registry.npmjs.org/anymatch 86ms (cache revalidated)
npm http fetch GET 200 https://registry.npmjs.org/escalade 72ms (cache revalidated)
npm http fetch GET 200 https://registry.npmjs.org/is-plain-obj 62ms (cache revalidated)
npm http fetch GET 200 https://registry.npmjs.org/camelcase 73ms (cache revalidated)
npm http fetch GET 200 https://registry.npmjs.org/flat 73ms (cache revalidated)
npm http fetch GET 200 https://registry.npmjs.org/picomatch 46ms (cache revalidated)
npm http fetch GET 200 https://registry.npmjs.org/is-extglob 46ms (cache revalidated)
npm http fetch GET 200 https://registry.npmjs.org/binary-extensions 48ms (cache revalidated)
npm http fetch GET 200 https://registry.npmjs.org/picomatch 48ms (cache revalidated)
npm http fetch GET 200 https://registry.npmjs.org/fill-range 61ms (cache revalidated)
npm http fetch GET 200 https://registry.npmjs.org/to-regex-range 37ms (cache revalidated)
npm http fetch GET 200 https://registry.npmjs.org/is-number 55ms (cache revalidated)
npm http fetch GET 200 https://registry.npmjs.org/p-locate 58ms (cache revalidated)
npm http fetch GET 200 https://registry.npmjs.org/p-limit 43ms (cache revalidated)
npm http fetch GET 200 https://registry.npmjs.org/loose-envify 41ms (cache revalidated)
npm http fetch GET 200 https://registry.npmjs.org/react-is 43ms (cache revalidated)
npm http fetch GET 200 https://registry.npmjs.org/easy-stack 42ms (cache revalidated)
npm http fetch GET 200 https://registry.npmjs.org/yocto-queue 44ms (cache revalidated)
npm http fetch GET 200 https://registry.npmjs.org/clean-stack 42ms (cache revalidated)
npm http fetch GET 200 https://registry.npmjs.org/indent-string 50ms (cache revalidated)
npm http fetch GET 200 https://registry.npmjs.org/js-tokens 51ms (cache revalidated)
npm http fetch GET 200 https://registry.npmjs.org/map-stream 45ms (cache revalidated)
npm http fetch GET 200 https://registry.npmjs.org/from 47ms (cache revalidated)
npm http fetch GET 200 https://registry.npmjs.org/split 49ms (cache revalidated)
npm http fetch GET 200 https://registry.npmjs.org/pause-stream 54ms (cache revalidated)
npm http fetch GET 200 https://registry.npmjs.org/stream-combiner 625ms (cache revalidated)
npm http fetch GET 200 https://registry.npmjs.org/duplexer 637ms (cache revalidated)
npm http fetch GET 200 https://registry.npmjs.org/call-bind 50ms (cache revalidated)
npm http fetch GET 200 https://registry.npmjs.org/get-intrinsic 53ms (cache revalidated)
npm http fetch GET 200 https://registry.npmjs.org/es-errors 58ms (cache revalidated)
npm http fetch GET 200 https://registry.npmjs.org/object-inspect 654ms (cache revalidated)
npm http fetch GET 200 https://registry.npmjs.org/ajv 10ms (cache hit)
npm http fetch GET 200 https://registry.npmjs.org/har-schema 53ms (cache revalidated)
npm http fetch GET 200 https://registry.npmjs.org/uri-js 44ms (cache revalidated)
npm http fetch GET 200 https://registry.npmjs.org/fast-deep-equal 48ms (cache revalidated)
npm http fetch GET 200 https://registry.npmjs.org/json-schema-traverse 48ms (cache revalidated)
npm http fetch GET 200 https://registry.npmjs.org/fast-json-stable-stringify 652ms (cache revalidated)
npm http fetch GET 200 https://registry.npmjs.org/es-define-property 43ms (cache revalidated)
npm http fetch GET 200 https://registry.npmjs.org/hasown 44ms (cache revalidated)
npm http fetch GET 200 https://registry.npmjs.org/has-proto 47ms (cache revalidated)
npm http fetch GET 200 https://registry.npmjs.org/set-function-length 49ms (cache revalidated)
npm http fetch GET 200 https://registry.npmjs.org/function-bind 54ms (cache revalidated)
npm http fetch GET 200 https://registry.npmjs.org/has-symbols 64ms (cache revalidated)
npm http fetch GET 200 https://registry.npmjs.org/function-bind 85ms (cache revalidated)
npm http fetch GET 200 https://registry.npmjs.org/define-data-property 58ms (cache revalidated)
npm http fetch GET 200 https://registry.npmjs.org/has-property-descriptors 60ms (cache revalidated)
npm http fetch GET 200 https://registry.npmjs.org/gopd 65ms (cache revalidated)
npm http fetch GET 200 https://registry.npmjs.org/querystringify 36ms (cache revalidated)
npm http fetch GET 200 https://registry.npmjs.org/requires-port 38ms (cache revalidated)
npm http fetch GET 200 https://registry.npmjs.org/dot-prop 61ms (cache revalidated)
npm http fetch GET 200 https://registry.npmjs.org/cli-boxes 66ms (cache revalidated)
npm http fetch GET 200 https://registry.npmjs.org/escape-goat 59ms (cache revalidated)
npm http fetch GET 200 https://registry.npmjs.org/unique-string 67ms (cache revalidated)
npm http fetch GET 200 https://registry.npmjs.org/widest-line 71ms (cache revalidated)
npm http fetch GET 200 https://registry.npmjs.org/ansi-align 73ms (cache revalidated)
npm http fetch GET 200 https://registry.npmjs.org/package-json 68ms (cache revalidated)
npm http fetch GET 200 https://registry.npmjs.org/write-file-atomic 80ms (cache revalidated)
npm http fetch GET 200 https://registry.npmjs.org/eastasianwidth 55ms (cache revalidated)
npm http fetch GET 200 https://registry.npmjs.org/imurmurhash 41ms (cache revalidated)
npm http fetch GET 200 https://registry.npmjs.org/is-obj 45ms (cache revalidated)
npm http fetch GET 200 https://registry.npmjs.org/typedarray-to-buffer 44ms (cache revalidated)
npm http fetch GET 200 https://registry.npmjs.org/crypto-random-string 47ms (cache revalidated)
npm http fetch GET 200 https://registry.npmjs.org/registry-auth-token 39ms (cache revalidated)
npm http fetch GET 200 https://registry.npmjs.org/got 43ms (cache revalidated)
npm http fetch GET 200 https://registry.npmjs.org/registry-url 54ms (cache revalidated)
npm http fetch GET 200 https://registry.npmjs.org/http2-wrapper 59ms (cache revalidated)
npm http fetch GET 200 https://registry.npmjs.org/responselike 63ms (cache revalidated)
npm http fetch GET 200 https://registry.npmjs.org/decompress-response 61ms (cache revalidated)
npm http fetch GET 200 https://registry.npmjs.org/cacheable-request 64ms (cache revalidated)
npm http fetch GET 200 https://registry.npmjs.org/cacheable-lookup 72ms (cache revalidated)
npm http fetch GET 200 https://registry.npmjs.org/lowercase-keys 75ms (cache revalidated)
npm http fetch GET 200 https://registry.npmjs.org/form-data-encoder 75ms (cache revalidated)
npm http fetch GET 200 https://registry.npmjs.org/p-cancelable 83ms (cache revalidated)
npm http fetch GET 200 https://registry.npmjs.org/@szmarczak%2fhttp-timer 82ms (cache revalidated)
npm http fetch GET 200 https://registry.npmjs.org/@sindresorhus%2fis 96ms (cache revalidated)
npm http fetch GET 200 https://registry.npmjs.org/rc 55ms (cache revalidated)
npm http fetch GET 200 https://registry.npmjs.org/@pnpm%2fnpm-conf 703ms (cache revalidated)
npm http fetch GET 200 https://registry.npmjs.org/http-cache-semantics 55ms (cache revalidated)
npm http fetch GET 200 https://registry.npmjs.org/keyv 59ms (cache revalidated)
npm http fetch GET 200 https://registry.npmjs.org/mimic-response 75ms (cache revalidated)
npm http fetch GET 200 https://registry.npmjs.org/@types%2fhttp-cache-semantics 79ms (cache revalidated)
npm http fetch GET 200 https://registry.npmjs.org/resolve-alpn 76ms (cache revalidated)
npm http fetch GET 200 https://registry.npmjs.org/defer-to-connect 82ms (cache revalidated)
npm http fetch GET 200 https://registry.npmjs.org/normalize-url 79ms (cache revalidated)
npm http fetch GET 200 https://registry.npmjs.org/mimic-response 86ms (cache revalidated)
npm http fetch GET 200 https://registry.npmjs.org/quick-lru 611ms (cache revalidated)
npm http fetch GET 200 https://registry.npmjs.org/json-buffer 37ms (cache revalidated)
npm http fetch GET 200 https://registry.npmjs.org/config-chain 48ms (cache revalidated)
npm http fetch GET 200 https://registry.npmjs.org/@pnpm%2fconfig.env-replace 1273ms (cache revalidated)
npm http fetch GET 200 https://registry.npmjs.org/@pnpm%2fnetwork.ca-file 1436ms (cache revalidated)
npm http fetch GET 200 https://registry.npmjs.org/proto-list 44ms (cache revalidated)
npm http fetch GET 200 https://registry.npmjs.org/deep-extend 44ms (cache revalidated)
npm http fetch GET 200 https://registry.npmjs.org/pend 50ms (cache revalidated)
npm http fetch GET 200 https://registry.npmjs.org/crc32-stream 48ms (cache revalidated)
npm http fetch GET 200 https://registry.npmjs.org/crc-32 51ms (cache revalidated)
npm http fetch GET 200 https://registry.npmjs.org/buffer-alloc-unsafe 50ms (cache revalidated)
npm http fetch GET 200 https://registry.npmjs.org/buffer-fill 70ms (cache revalidated)
npm http fetch GET 200 https://registry.npmjs.org/p-try 38ms (cache revalidated)
npm verbose reify failed optional dependency C:\Users\fabio\OneDrive\Documentos\github\pgats-web-trabalho-conclusao\tmpBstackPackages\node_modules\fsevents
npm http fetch POST 200 https://registry.npmjs.org/-/npm/v1/security/advisories/bulk 618ms
npm warn deprecated inflight@1.0.6: This module is not supported, and leaks memory. Do not use it. Check out lru-cache if you want a good and tested way to coalesce async requests by a key value, which is much more comprehensive and powerful.
npm warn deprecated rimraf@2.5.4: Rimraf versions prior to v4 are no longer supported
npm warn deprecated har-validator@5.1.5: this library is no longer supported
npm warn deprecated glob@7.2.3: Glob versions prior to v9 are no longer supported
npm http fetch GET 200 https://registry.npmjs.org/tough-cookie 525ms (cache revalidated)
npm http fetch GET 200 https://registry.npmjs.org/request 528ms (cache revalidated)
npm warn deprecated glob@8.1.0: Glob versions prior to v9 are no longer supported
npm warn deprecated uuid@3.4.0: Please upgrade  to version 7 or higher.  Older versions may use Math.random() in certain circumstances, which is known to be problematic.  See https://v8.dev/blog/math-random for details.
npm warn deprecated request@2.88.2: request has been deprecated, see https://github.com/request/request/issues/3142
npm http fetch GET 200 https://registry.npmjs.org/browserstack-cypress-cli 873ms (cache revalidated)
npm info run cypress@13.13.2 postinstall node_modules/cypress node index.js --exec install
npm info run cypress@13.13.2 postinstall { code: 0, signal: null }

added 501 packages, and audited 502 packages in 26s

96 packages are looking for funding
  run `npm fund` for details

3 moderate severity vulnerabilities

To address all issues (including breaking changes), run:
  npm audit fix --force

Run `npm audit` for details.
npm verbose cwd C:\Users\fabio\OneDrive\Documentos\github\pgats-web-trabalho-conclusao\tmpBstackPackages
npm verbose os Windows_NT 10.0.19045
npm verbose node v20.12.2
npm verbose npm  v10.8.1
npm verbose exit 0
npm info ok
